<?xml version="1.0" encoding="utf-8"?><testsuites name="pytest tests"><testsuite name="pytest" errors="0" failures="1" skipped="0" tests="5" time="50.333" timestamp="2026-04-22T07:27:02.710267+00:00" hostname="agent-env-3ccb9671-aeb2-4f99-80d9-03cdaae318e1"><testcase classname="backend.tests.test_ai_gate.TestGateEndpoints" name="test_test_gate_returns_results" time="25.002" /><testcase classname="backend.tests.test_ai_gate.TestGateEndpoints" name="test_test_gate_results_structure" time="24.102"><failure message="AssertionError: assert 'tests' in {'passed': 11, 'results': [{'actual': True, 'expected': False, 'id': 1, 'name': 'Calendar invite (filter)', ...}, {'actual': False, 'expected': False, 'id': 2, 'name': 'Meeting cancellation (filter)', ...}, {'actual': False, 'expected': False, 'id': 3, 'name': 'Internal check-in (filter)', ...}, {'actual': True, 'expected': True, 'id': 4, 'name': 'Warm intro to founder (pass)', ...}, {'actual': True, 'expected': True, 'id': 5, 'name': 'Founder pitch (pass)', ...}, {'actual': True, 'expected': True, 'id': 6, 'name': 'LP investor relations (pass)', ...}, ...], 'total': 12}">backend/tests/test_ai_gate.py:32: in test_test_gate_results_structure
    assert "tests" in data
E   AssertionError: assert 'tests' in {'passed': 11, 'results': [{'actual': True, 'expected': False, 'id': 1, 'name': 'Calendar invite (filter)', ...}, {'actual': False, 'expected': False, 'id': 2, 'name': 'Meeting cancellation (filter)', ...}, {'actual': False, 'expected': False, 'id': 3, 'name': 'Internal check-in (filter)', ...}, {'actual': True, 'expected': True, 'id': 4, 'name': 'Warm intro to founder (pass)', ...}, {'actual': True, 'expected': True, 'id': 5, 'name': 'Founder pitch (pass)', ...}, {'actual': True, 'expected': True, 'id': 6, 'name': 'LP investor relations (pass)', ...}, ...], 'total': 12}</failure></testcase><testcase classname="backend.tests.test_ai_gate.TestGateEndpoints" name="test_gated_emails_returns_list" time="0.460" /><testcase classname="backend.tests.test_ai_gate.TestGateEndpoints" name="test_restore_nonexistent_gated_email" time="0.276" /><testcase classname="backend.tests.test_ai_gate.TestGateEndpoints" name="test_sync_status_has_gate_fields" time="0.397" /></testsuite></testsuites>