<?xml version="1.0" encoding="utf-8"?><testsuites name="pytest tests"><testsuite name="pytest" errors="0" failures="0" skipped="0" tests="10" time="3.069" timestamp="2026-04-19T05:18:26.240402+00:00" hostname="agent-env-3ccb9671-aeb2-4f99-80d9-03cdaae318e1"><testcase classname="backend.tests.test_contacts.TestGetContacts" name="test_get_contacts_returns_200" time="0.316" /><testcase classname="backend.tests.test_contacts.TestGetContacts" name="test_get_contacts_unauthorized" time="0.105" /><testcase classname="backend.tests.test_contacts.TestUpsertContact" name="test_create_new_contact" time="0.423" /><testcase classname="backend.tests.test_contacts.TestUpsertContact" name="test_deduplication_same_email_returns_updated" time="0.435" /><testcase classname="backend.tests.test_contacts.TestUpsertContact" name="test_upsert_missing_email_returns_400" time="0.103" /><testcase classname="backend.tests.test_contacts.TestUpsertContact" name="test_upsert_in_review_status" time="0.416" /><testcase classname="backend.tests.test_contacts.TestUpdateContact" name="test_update_notes" time="0.298" /><testcase classname="backend.tests.test_contacts.TestUpdateContact" name="test_update_status" time="0.252" /><testcase classname="backend.tests.test_contacts.TestGetContactDeals" name="test_get_contact_deals" time="0.409" /><testcase classname="backend.tests.test_contacts.TestGetContactDeals" name="test_get_contact_deals_invalid_id" time="0.244" /></testsuite></testsuites>