<?xml version="1.0" encoding="utf-8"?><testsuites name="pytest tests"><testsuite name="pytest" errors="3" failures="2" skipped="0" tests="7" time="1.520" timestamp="2026-04-23T06:55:21.651858+00:00" hostname="agent-env-3ccb9671-aeb2-4f99-80d9-03cdaae318e1"><testcase classname="backend.tests.test_contacts_system.TestStageChangesWithContactCreation" name="test_move_deal_to_first_look" time="0.643"><error message="failed on setup with &quot;AssertionError: Failed to create deal: {&quot;detail&quot;:&quot;Method Not Allowed&quot;}&#10;assert 405 in [200, 201]&#10; +  where 405 = &lt;Response [405]&gt;.status_code&quot;">backend/tests/test_contacts_system.py:46: in test_deal_id
    assert resp.status_code in [200, 201], f"Failed to create deal: {resp.text}"
E   AssertionError: Failed to create deal: {"detail":"Method Not Allowed"}
E   assert 405 in [200, 201]
E    +  where 405 = &lt;Response [405]&gt;.status_code</error></testcase><testcase classname="backend.tests.test_contacts_system.TestStageChangesWithContactCreation" name="test_move_deal_to_in_conversation" time="0.000"><error message="failed on setup with &quot;AssertionError: Failed to create deal: {&quot;detail&quot;:&quot;Method Not Allowed&quot;}&#10;assert 405 in [200, 201]&#10; +  where 405 = &lt;Response [405]&gt;.status_code&quot;">backend/tests/test_contacts_system.py:46: in test_deal_id
    assert resp.status_code in [200, 201], f"Failed to create deal: {resp.text}"
E   AssertionError: Failed to create deal: {"detail":"Method Not Allowed"}
E   assert 405 in [200, 201]
E    +  where 405 = &lt;Response [405]&gt;.status_code</error></testcase><testcase classname="backend.tests.test_contacts_system.TestStageChangesWithContactCreation" name="test_no_downgrade_on_move_back" time="0.000"><error message="failed on setup with &quot;AssertionError: Failed to create deal: {&quot;detail&quot;:&quot;Method Not Allowed&quot;}&#10;assert 405 in [200, 201]&#10; +  where 405 = &lt;Response [405]&gt;.status_code&quot;">backend/tests/test_contacts_system.py:46: in test_deal_id
    assert resp.status_code in [200, 201], f"Failed to create deal: {resp.text}"
E   AssertionError: Failed to create deal: {"detail":"Method Not Allowed"}
E   assert 405 in [200, 201]
E    +  where 405 = &lt;Response [405]&gt;.status_code</error></testcase><testcase classname="backend.tests.test_contacts_system.TestSyncPipeline" name="test_sync_pipeline_returns_counts" time="0.206" /><testcase classname="backend.tests.test_contacts_system.TestGetContacts" name="test_get_contacts_returns_list" time="0.200" /><testcase classname="backend.tests.test_contacts_system.TestGetContacts" name="test_contacts_have_required_fields" time="0.188"><failure message="AssertionError: assert ('founder_name' in {'company': 'Test Company', 'contact_status': 'In Pipeline', 'created_at': '2026-04-19T05:50:01.426808+00:00', 'deal_count': 1, ...} or 'company_name' in {'company': 'Test Company', 'contact_status': 'In Pipeline', 'created_at': '2026-04-19T05:50:01.426808+00:00', 'deal_count': 1, ...})">backend/tests/test_contacts_system.py:140: in test_contacts_have_required_fields
    assert 'founder_name' in c or 'company_name' in c
E   AssertionError: assert ('founder_name' in {'company': 'Test Company', 'contact_status': 'In Pipeline', 'created_at': '2026-04-19T05:50:01.426808+00:00', 'deal_count': 1, ...} or 'company_name' in {'company': 'Test Company', 'contact_status': 'In Pipeline', 'created_at': '2026-04-19T05:50:01.426808+00:00', 'deal_count': 1, ...})</failure></testcase><testcase classname="backend.tests.test_contacts_system.TestGetContacts" name="test_contact_status_values_are_valid" time="0.188"><failure message="AssertionError: Invalid status: In Pipeline&#10;assert 'In Pipeline' in {'Closed', 'Due Diligence', 'First Look', 'In Conversation', 'Passed', 'Watch List'}">backend/tests/test_contacts_system.py:149: in test_contact_status_values_are_valid
    assert status in valid_statuses, f"Invalid status: {status}"
E   AssertionError: Invalid status: In Pipeline
E   assert 'In Pipeline' in {'Closed', 'Due Diligence', 'First Look', 'In Conversation', 'Passed', 'Watch List'}</failure></testcase></testsuite></testsuites>