<?xml version="1.0" encoding="utf-8"?><testsuites name="pytest tests"><testsuite name="pytest" errors="0" failures="0" skipped="0" tests="10" time="9.088" timestamp="2026-04-24T08:28:02.889968+00:00" hostname="agent-env-3ccb9671-aeb2-4f99-80d9-03cdaae318e1"><testcase classname="backend.tests.test_contacts_rebuild" name="test_get_contacts_returns_list" time="0.327" /><testcase classname="backend.tests.test_contacts_rebuild" name="test_rebuild_contacts" time="0.652" /><testcase classname="backend.tests.test_contacts_rebuild" name="test_rebuild_returns_contacts_after" time="0.954" /><testcase classname="backend.tests.test_contacts_rebuild" name="test_sync_pipeline" time="0.571" /><testcase classname="backend.tests.test_contacts_rebuild" name="test_stage_change_syncs_contact" time="1.083" /><testcase classname="backend.tests.test_contacts_rebuild" name="test_deal_patch_syncs_contact" time="0.979" /><testcase classname="backend.tests.test_contacts_rebuild" name="test_update_contact_notes_and_tags" time="1.005" /><testcase classname="backend.tests.test_contacts_rebuild" name="test_get_contact_deals" time="0.845" /><testcase classname="backend.tests.test_contacts_rebuild" name="test_rebuild_skips_spam_deals" time="0.665" /><testcase classname="backend.tests.test_contacts_rebuild" name="test_double_rebuild_no_duplicate" time="1.936" /></testsuite></testsuites>