<?xml version="1.0" encoding="utf-8"?><testsuites name="pytest tests"><testsuite name="pytest" errors="0" failures="0" skipped="0" tests="8" time="8.388" timestamp="2026-04-21T08:07:34.779113+00:00" hostname="agent-env-3ccb9671-aeb2-4f99-80d9-03cdaae318e1"><testcase classname="backend.tests.test_deal_stages.TestDealStages" name="test_api_health" time="0.212" /><testcase classname="backend.tests.test_deal_stages.TestDealStages" name="test_get_deals_returns_inbound" time="0.320" /><testcase classname="backend.tests.test_deal_stages.TestDealStages" name="test_inbound_deals_present" time="0.308" /><testcase classname="backend.tests.test_deal_stages.TestDealStages" name="test_stage_update_first_look" time="1.209" /><testcase classname="backend.tests.test_deal_stages.TestDealStages" name="test_stage_update_passed_with_reason" time="1.132" /><testcase classname="backend.tests.test_deal_stages.TestDealStages" name="test_stage_update_watchlist_with_date" time="1.161" /><testcase classname="backend.tests.test_deal_stages.TestDealStages" name="test_stage_update_missing_stage_returns_400" time="0.416" /><testcase classname="backend.tests.test_deal_stages.TestDealStages" name="test_all_7_stages_valid" time="3.562" /></testsuite></testsuites>