<?xml version="1.0" encoding="utf-8"?><testsuites name="pytest tests"><testsuite name="pytest" errors="0" failures="0" skipped="0" tests="10" time="4.869" timestamp="2026-04-18T06:14:41.507261+00:00" hostname="agent-env-3ccb9671-aeb2-4f99-80d9-03cdaae318e1"><testcase classname="backend.tests.test_review_mode.TestGetDeals" name="test_get_deals_returns_200" time="0.448" /><testcase classname="backend.tests.test_review_mode.TestGetDeals" name="test_get_deals_has_new_status_deals" time="0.442" /><testcase classname="backend.tests.test_review_mode.TestGetDeals" name="test_get_deals_has_required_fields" time="0.341" /><testcase classname="backend.tests.test_review_mode.TestPatchDeal" name="test_patch_status_to_pipeline" time="1.201" /><testcase classname="backend.tests.test_review_mode.TestPatchDeal" name="test_patch_status_to_archived" time="0.805" /><testcase classname="backend.tests.test_review_mode.TestPatchDeal" name="test_patch_status_to_reviewed" time="0.816" /><testcase classname="backend.tests.test_review_mode.TestPatchDeal" name="test_patch_invalid_field_rejected" time="0.410" /><testcase classname="backend.tests.test_review_mode.TestPatchDeal" name="test_patch_requires_auth" time="0.102" /><testcase classname="backend.tests.test_review_mode.TestSyncEndpoint" name="test_sync_returns_immediately" time="0.102" /><testcase classname="backend.tests.test_review_mode.TestSyncEndpoint" name="test_sync_requires_auth" time="0.135" /></testsuite></testsuites>