<?xml version="1.0" encoding="utf-8"?><testsuites name="pytest tests"><testsuite name="pytest" errors="0" failures="0" skipped="0" tests="5" time="1.028" timestamp="2026-04-18T07:10:49.276715+00:00" hostname="agent-env-3ccb9671-aeb2-4f99-80d9-03cdaae318e1"><testcase classname="backend.tests.test_onboarding.TestOnboardingComplete" name="test_post_onboarding_complete_returns_ok" time="0.189" /><testcase classname="backend.tests.test_onboarding.TestOnboardingComplete" name="test_onboarding_complete_persists_in_fund_settings" time="0.157" /><testcase classname="backend.tests.test_onboarding.TestOnboardingComplete" name="test_onboarding_complete_requires_auth" time="0.097" /><testcase classname="backend.tests.test_onboarding.TestOnboardingComplete" name="test_fund_settings_save_preserves_onboarding_flag" time="0.249" /><testcase classname="backend.tests.test_onboarding.TestOnboardingComplete" name="test_db_status_endpoint" time="0.269" /></testsuite></testsuites>