<?xml version="1.0" encoding="utf-8"?><testsuites name="pytest tests"><testsuite name="pytest" errors="0" failures="0" skipped="0" tests="9" time="1.404" timestamp="2026-04-24T05:57:15.822536+00:00" hostname="agent-env-3ccb9671-aeb2-4f99-80d9-03cdaae318e1"><testcase classname="backend.tests.test_iteration15.TestHealthCheck" name="test_health" time="0.164" /><testcase classname="backend.tests.test_iteration15.TestAuthMe" name="test_auth_me_with_bearer" time="0.243" /><testcase classname="backend.tests.test_iteration15.TestAuthMe" name="test_auth_me_without_token_returns_401" time="0.097" /><testcase classname="backend.tests.test_iteration15.TestDeals" name="test_get_deals_returns_list" time="0.330" /><testcase classname="backend.tests.test_iteration15.TestContactUpsert" name="test_upsert_missing_email_returns_400" time="0.096" /><testcase classname="backend.tests.test_iteration15.TestContactUpsert" name="test_upsert_valid_contact" time="0.402" /><testcase classname="backend.tests.test_iteration15.TestConftest" name="test_auth_headers_type_hint" time="0.001" /><testcase classname="backend.tests.test_iteration15.TestConftest" name="test_no_hardcoded_jwt_in_conftest" time="0.001" /><testcase classname="backend.tests.test_iteration15.TestServerRefactor" name="test_helper_functions_in_server" time="0.000" /></testsuite></testsuites>