<?xml version="1.0" encoding="utf-8"?><testsuites name="pytest tests"><testsuite name="pytest" errors="0" failures="1" skipped="0" tests="15" time="10.099" timestamp="2026-04-15T00:19:58.533843+00:00" hostname="agent-env-3ccb9671-aeb2-4f99-80d9-03cdaae318e1"><testcase classname="backend.tests.test_vc_dealflow.TestHealth" name="test_api_root" time="0.298" /><testcase classname="backend.tests.test_vc_dealflow.TestAuth" name="test_get_me" time="0.308" /><testcase classname="backend.tests.test_vc_dealflow.TestAuth" name="test_get_me_no_auth" time="0.187" /><testcase classname="backend.tests.test_vc_dealflow.TestDeals" name="test_get_deals" time="0.502" /><testcase classname="backend.tests.test_vc_dealflow.TestDeals" name="test_deals_contain_sample_companies" time="0.455" /><testcase classname="backend.tests.test_vc_dealflow.TestDeals" name="test_deals_have_required_fields" time="0.439" /><testcase classname="backend.tests.test_vc_dealflow.TestDeals" name="test_vault_ai_score" time="0.468" /><testcase classname="backend.tests.test_vc_dealflow.TestStats" name="test_get_stats" time="0.457" /><testcase classname="backend.tests.test_vc_dealflow.TestStats" name="test_stats_values" time="0.455" /><testcase classname="backend.tests.test_vc_dealflow.TestProcessEmail" name="test_process_email_requires_body" time="0.109" /><testcase classname="backend.tests.test_vc_dealflow.TestProcessEmail" name="test_process_email_claude_ai" time="4.582" /><testcase classname="backend.tests.test_vc_dealflow.TestUpdateDeal" name="test_update_deal_status" time="0.537"><failure message="assert None is not None">backend/tests/test_vc_dealflow.py:142: in test_update_deal_status
    assert vault is not None
E   assert None is not None</failure></testcase><testcase classname="backend.tests.test_vc_dealflow.TestUpdateDeal" name="test_update_invalid_field" time="0.682" /><testcase classname="backend.tests.test_vc_dealflow.TestSettings" name="test_get_settings" time="0.257" /><testcase classname="backend.tests.test_vc_dealflow.TestSettings" name="test_db_status" time="0.267" /></testsuite></testsuites>