<?xml version="1.0" encoding="utf-8"?><testsuites name="pytest tests"><testsuite name="pytest" errors="0" failures="0" skipped="0" tests="15" time="3.670" timestamp="2026-04-23T09:25:14.696425+00:00" hostname="agent-env-3ccb9671-aeb2-4f99-80d9-03cdaae318e1"><testcase classname="backend.tests.test_refactor_sprint.TestAuthEndpoints" name="test_get_me_with_bearer" time="0.431" /><testcase classname="backend.tests.test_refactor_sprint.TestAuthEndpoints" name="test_get_me_unauthenticated" time="0.144" /><testcase classname="backend.tests.test_refactor_sprint.TestAuthEndpoints" name="test_logout_sets_cookie_clear" time="0.117" /><testcase classname="backend.tests.test_refactor_sprint.TestDealEndpoints" name="test_get_deals" time="0.310" /><testcase classname="backend.tests.test_refactor_sprint.TestDealEndpoints" name="test_patch_deal_stage" time="1.313" /><testcase classname="backend.tests.test_refactor_sprint.TestContactEndpoints" name="test_get_contacts" time="0.284" /><testcase classname="backend.tests.test_refactor_sprint.TestContactEndpoints" name="test_sync_pipeline" time="0.580" /><testcase classname="backend.tests.test_refactor_sprint.TestSettingsEndpoints" name="test_get_settings" time="0.312" /><testcase classname="backend.tests.test_refactor_sprint.TestSettingsEndpoints" name="test_get_fund_settings" time="0.101" /><testcase classname="backend.tests.test_refactor_sprint.TestSecurityChecks" name="test_no_hardcoded_jwt_in_conftest" time="0.000" /><testcase classname="backend.tests.test_refactor_sprint.TestSecurityChecks" name="test_no_import_random_in_server" time="0.001" /><testcase classname="backend.tests.test_refactor_sprint.TestSecurityChecks" name="test_secrets_used_in_server" time="0.000" /><testcase classname="backend.tests.test_refactor_sprint.TestSecurityChecks" name="test_no_localstorage_token_in_appjs" time="0.000" /><testcase classname="backend.tests.test_refactor_sprint.TestSecurityChecks" name="test_no_auth_header_in_apijs" time="0.000" /><testcase classname="backend.tests.test_refactor_sprint.TestSecurityChecks" name="test_credentials_include_in_apijs" time="0.000" /></testsuite></testsuites>