<?xml version="1.0" encoding="utf-8"?><testsuites name="pytest tests"><testsuite name="pytest" errors="0" failures="0" skipped="0" tests="10" time="3.122" timestamp="2026-04-21T07:02:15.664479+00:00" hostname="agent-env-3ccb9671-aeb2-4f99-80d9-03cdaae318e1"><testcase classname="backend.tests.test_team_collaboration.TestHealthAndExistingEndpoints" name="test_health" time="0.316" /><testcase classname="backend.tests.test_team_collaboration.TestHealthAndExistingEndpoints" name="test_deals_list" time="0.323" /><testcase classname="backend.tests.test_team_collaboration.TestFundEndpoints" name="test_get_my_fund_no_fund" time="0.267" /><testcase classname="backend.tests.test_team_collaboration.TestFundEndpoints" name="test_get_fund_deals_graceful" time="0.272" /><testcase classname="backend.tests.test_team_collaboration.TestFundEndpoints" name="test_create_fund_validation_no_name" time="0.269" /><testcase classname="backend.tests.test_team_collaboration.TestFundEndpoints" name="test_create_fund_returns_proper_error_on_db_failure" time="0.558" /><testcase classname="backend.tests.test_team_collaboration.TestFundEndpoints" name="test_join_fund_invalid_code" time="0.396" /><testcase classname="backend.tests.test_team_collaboration.TestFundEndpoints" name="test_join_fund_missing_code" time="0.108" /><testcase classname="backend.tests.test_team_collaboration.TestNotificationsEndpoint" name="test_get_notifications_graceful" time="0.268" /><testcase classname="backend.tests.test_team_collaboration.TestNotificationsEndpoint" name="test_mark_notifications_read" time="0.271" /></testsuite></testsuites>